nohup: ignoring input
[0;34m======================================================[0m
[0;34m   🏗️  MASTER BUILDER: 55 SIGNED FLUTTER AABS[0m
[0;34m======================================================[0m
[1;33m🔍 Found 44 Flutter applications to build.[0m

[1;33m⏭️  Skipping: 01_giggle_game/emoji_story (Already built)[0m
[1;33m⏭️  Skipping: 01_giggle_game/joke_generator (Already built)[0m
[1;33m⏭️  Skipping: 01_giggle_game/laugh_tracker (Already built)[0m
[0;34m[4/44] Building: 01_giggle_game/meme_maker...[0m
Running Gradle task 'bundleRelease'...                          
Font asset "MaterialIcons-Regular.otf" was tree-shaken, reducing it from 1645184 to 1652 bytes (99.9% reduction). Tree-shaking can be disabled by providing the --no-tree-shake-icons flag when building your app.
Running Gradle task 'bundleRelease'...                            157.3s
✓ Built build/app/outputs/bundle/release/app-release.aab (39.8MB)
[0;32m✅ Success: 38M[0m
------------------------------------------------------
[0;34m[5/44] Building: 02_playpal_creations/duo_challenges...[0m
Running Gradle task 'bundleRelease'...                          
Font asset "MaterialIcons-Regular.otf" was tree-shaken, reducing it from 1645184 to 1368 bytes (99.9% reduction). Tree-shaking can be disabled by providing the --no-tree-shake-icons flag when building your app.
Running Gradle task 'bundleRelease'...                             76.4s
✓ Built build/app/outputs/bundle/release/app-release.aab (38.2MB)
[0;32m✅ Success: 37M[0m
------------------------------------------------------
[0;34m[6/44] Building: 02_playpal_creations/party_games...[0m
Running Gradle task 'bundleRelease'...                          
Font asset "MaterialIcons-Regular.otf" was tree-shaken, reducing it from 1645184 to 1368 bytes (99.9% reduction). Tree-shaking can be disabled by providing the --no-tree-shake-icons flag when building your app.
Running Gradle task 'bundleRelease'...                             80.5s
✓ Built build/app/outputs/bundle/release/app-release.aab (38.2MB)
[0;32m✅ Success: 37M[0m
------------------------------------------------------
[0;34m[7/44] Building: 02_playpal_creations/playpal_connect...[0m
Running Gradle task 'bundleRelease'...                          
Font asset "MaterialIcons-Regular.otf" was tree-shaken, reducing it from 1645184 to 1368 bytes (99.9% reduction). Tree-shaking can be disabled by providing the --no-tree-shake-icons flag when building your app.
Running Gradle task 'bundleRelease'...                             69.8s
✓ Built build/app/outputs/bundle/release/app-release.aab (38.2MB)
[0;32m✅ Success: 37M[0m
------------------------------------------------------
[0;34m[8/44] Building: 02_playpal_creations/word_games...[0m
Running Gradle task 'bundleRelease'...                          
Font asset "MaterialIcons-Regular.otf" was tree-shaken, reducing it from 1645184 to 1368 bytes (99.9% reduction). Tree-shaking can be disabled by providing the --no-tree-shake-icons flag when building your app.
Running Gradle task 'bundleRelease'...                             62.6s
✓ Built build/app/outputs/bundle/release/app-release.aab (38.2MB)
[0;32m✅ Success: 37M[0m
------------------------------------------------------
[0;34m[9/44] Building: 03_olaf/brain_gym...[0m
Running Gradle task 'bundleRelease'...                          
Font asset "MaterialIcons-Regular.otf" was tree-shaken, reducing it from 1645184 to 1368 bytes (99.9% reduction). Tree-shaking can be disabled by providing the --no-tree-shake-icons flag when building your app.
Running Gradle task 'bundleRelease'...                             60.5s
✓ Built build/app/outputs/bundle/release/app-release.aab (38.2MB)
[0;32m✅ Success: 37M[0m
------------------------------------------------------
[0;34m[10/44] Building: 03_olaf/focus_timer...[0m
Running Gradle task 'bundleRelease'...                          
Font asset "MaterialIcons-Regular.otf" was tree-shaken, reducing it from 1645184 to 2224 bytes (99.9% reduction). Tree-shaking can be disabled by providing the --no-tree-shake-icons flag when building your app.
Running Gradle task 'bundleRelease'...                             61.4s
✓ Built build/app/outputs/bundle/release/app-release.aab (38.6MB)
[0;32m✅ Success: 37M[0m
------------------------------------------------------
[0;34m[11/44] Building: 03_olaf/meditation...[0m
Running Gradle task 'bundleRelease'...                          
Font asset "MaterialIcons-Regular.otf" was tree-shaken, reducing it from 1645184 to 1368 bytes (99.9% reduction). Tree-shaking can be disabled by providing the --no-tree-shake-icons flag when building your app.
Running Gradle task 'bundleRelease'...                             59.0s
✓ Built build/app/outputs/bundle/release/app-release.aab (38.2MB)
[0;32m✅ Success: 37M[0m
------------------------------------------------------
[0;34m[12/44] Building: 03_olaf/word_puzzles...[0m
Running Gradle task 'bundleRelease'...                          
Font asset "MaterialIcons-Regular.otf" was tree-shaken, reducing it from 1645184 to 1368 bytes (99.9% reduction). Tree-shaking can be disabled by providing the --no-tree-shake-icons flag when building your app.
Running Gradle task 'bundleRelease'...                             58.4s
✓ Built build/app/outputs/bundle/release/app-release.aab (38.2MB)
[0;32m✅ Success: 37M[0m
------------------------------------------------------
[0;34m[13/44] Building: 04_good_kids/abc_learning...[0m
Running Gradle task 'bundleRelease'...                          
Font asset "MaterialIcons-Regular.otf" was tree-shaken, reducing it from 1645184 to 1368 bytes (99.9% reduction). Tree-shaking can be disabled by providing the --no-tree-shake-icons flag when building your app.
Running Gradle task 'bundleRelease'...                             58.9s
✓ Built build/app/outputs/bundle/release/app-release.aab (38.2MB)
[0;32m✅ Success: 37M[0m
------------------------------------------------------
[0;34m[14/44] Building: 04_good_kids/chore_champion...[0m
Running Gradle task 'bundleRelease'...                          
Font asset "MaterialIcons-Regular.otf" was tree-shaken, reducing it from 1645184 to 1368 bytes (99.9% reduction). Tree-shaking can be disabled by providing the --no-tree-shake-icons flag when building your app.
Running Gradle task 'bundleRelease'...                             55.4s
✓ Built build/app/outputs/bundle/release/app-release.aab (38.2MB)
[0;32m✅ Success: 37M[0m
------------------------------------------------------
[0;34m[15/44] Building: 04_good_kids/kindness_quest...[0m
Running Gradle task 'bundleRelease'...                          
Font asset "MaterialIcons-Regular.otf" was tree-shaken, reducing it from 1645184 to 1368 bytes (99.9% reduction). Tree-shaking can be disabled by providing the --no-tree-shake-icons flag when building your app.
Running Gradle task 'bundleRelease'...                             55.6s
✓ Built build/app/outputs/bundle/release/app-release.aab (38.2MB)
[0;32m✅ Success: 37M[0m
------------------------------------------------------
[0;34m[16/44] Building: 04_good_kids/numbers_counting...[0m
Running Gradle task 'bundleRelease'...                          
Font asset "MaterialIcons-Regular.otf" was tree-shaken, reducing it from 1645184 to 1368 bytes (99.9% reduction). Tree-shaking can be disabled by providing the --no-tree-shake-icons flag when building your app.
Running Gradle task 'bundleRelease'...                             55.7s
✓ Built build/app/outputs/bundle/release/app-release.aab (38.2MB)
[0;32m✅ Success: 37M[0m
------------------------------------------------------
[0;34m[17/44] Building: 05_apocalypse_never/carbon_tracker...[0m
Running Gradle task 'bundleRelease'...                          
Font asset "MaterialIcons-Regular.otf" was tree-shaken, reducing it from 1645184 to 1368 bytes (99.9% reduction). Tree-shaking can be disabled by providing the --no-tree-shake-icons flag when building your app.
Running Gradle task 'bundleRelease'...                             62.7s
✓ Built build/app/outputs/bundle/release/app-release.aab (38.2MB)
[0;32m✅ Success: 37M[0m
------------------------------------------------------
[0;34m[18/44] Building: 05_apocalypse_never/eco_warrior...[0m
Running Gradle task 'bundleRelease'...                          
Font asset "MaterialIcons-Regular.otf" was tree-shaken, reducing it from 1645184 to 1368 bytes (99.9% reduction). Tree-shaking can be disabled by providing the --no-tree-shake-icons flag when building your app.
Running Gradle task 'bundleRelease'...                             55.9s
✓ Built build/app/outputs/bundle/release/app-release.aab (38.2MB)
[0;32m✅ Success: 37M[0m
------------------------------------------------------
[0;34m[19/44] Building: 05_apocalypse_never/resource_manager...[0m
Running Gradle task 'bundleRelease'...                          
Font asset "MaterialIcons-Regular.otf" was tree-shaken, reducing it from 1645184 to 1368 bytes (99.9% reduction). Tree-shaking can be disabled by providing the --no-tree-shake-icons flag when building your app.
Running Gradle task 'bundleRelease'...                             53.4s
✓ Built build/app/outputs/bundle/release/app-release.aab (38.2MB)
[0;32m✅ Success: 37M[0m
------------------------------------------------------
[0;34m[20/44] Building: 05_apocalypse_never/survival_calc...[0m
Running Gradle task 'bundleRelease'...                          
Font asset "MaterialIcons-Regular.otf" was tree-shaken, reducing it from 1645184 to 1368 bytes (99.9% reduction). Tree-shaking can be disabled by providing the --no-tree-shake-icons flag when building your app.
Running Gradle task 'bundleRelease'...                             52.8s
✓ Built build/app/outputs/bundle/release/app-release.aab (38.2MB)
[0;32m✅ Success: 37M[0m
------------------------------------------------------
[0;34m[21/44] Building: 06_atomizer/flash_math...[0m
Running Gradle task 'bundleRelease'...                          
Font asset "MaterialIcons-Regular.otf" was tree-shaken, reducing it from 1645184 to 1368 bytes (99.9% reduction). Tree-shaking can be disabled by providing the --no-tree-shake-icons flag when building your app.
Running Gradle task 'bundleRelease'...                             50.3s
✓ Built build/app/outputs/bundle/release/app-release.aab (38.2MB)
[0;32m✅ Success: 37M[0m
------------------------------------------------------
[0;34m[22/44] Building: 06_atomizer/micro_habits...[0m
Running Gradle task 'bundleRelease'...                          
Font asset "MaterialIcons-Regular.otf" was tree-shaken, reducing it from 1645184 to 1368 bytes (99.9% reduction). Tree-shaking can be disabled by providing the --no-tree-shake-icons flag when building your app.
Running Gradle task 'bundleRelease'...                             71.5s
✓ Built build/app/outputs/bundle/release/app-release.aab (38.2MB)
[0;32m✅ Success: 37M[0m
------------------------------------------------------
[0;34m[23/44] Building: 06_atomizer/quick_notes...[0m
Running Gradle task 'bundleRelease'...                          
Font asset "MaterialIcons-Regular.otf" was tree-shaken, reducing it from 1645184 to 1368 bytes (99.9% reduction). Tree-shaking can be disabled by providing the --no-tree-shake-icons flag when building your app.
Running Gradle task 'bundleRelease'...                             50.5s
✓ Built build/app/outputs/bundle/release/app-release.aab (38.2MB)
[0;32m✅ Success: 37M[0m
------------------------------------------------------
[0;34m[24/44] Building: 06_atomizer/speed_reader...[0m
Running Gradle task 'bundleRelease'...                          
Font asset "MaterialIcons-Regular.otf" was tree-shaken, reducing it from 1645184 to 1368 bytes (99.9% reduction). Tree-shaking can be disabled by providing the --no-tree-shake-icons flag when building your app.
Running Gradle task 'bundleRelease'...                             49.6s
✓ Built build/app/outputs/bundle/release/app-release.aab (38.2MB)
[0;32m✅ Success: 37M[0m
------------------------------------------------------
[0;34m[25/44] Building: 07_okkyes/affirmations...[0m
Running Gradle task 'bundleRelease'...                          
Font asset "MaterialIcons-Regular.otf" was tree-shaken, reducing it from 1645184 to 1508 bytes (99.9% reduction). Tree-shaking can be disabled by providing the --no-tree-shake-icons flag when building your app.
Running Gradle task 'bundleRelease'...                             51.0s
✓ Built build/app/outputs/bundle/release/app-release.aab (38.3MB)
[0;32m✅ Success: 37M[0m
------------------------------------------------------
[0;34m[26/44] Building: 07_okkyes/goal_tracker...[0m
Running Gradle task 'bundleRelease'...                          
Font asset "MaterialIcons-Regular.otf" was tree-shaken, reducing it from 1645184 to 1368 bytes (99.9% reduction). Tree-shaking can be disabled by providing the --no-tree-shake-icons flag when building your app.
Running Gradle task 'bundleRelease'...                             50.3s
✓ Built build/app/outputs/bundle/release/app-release.aab (38.2MB)
[0;32m✅ Success: 37M[0m
------------------------------------------------------
[0;34m[27/44] Building: 07_okkyes/gratitude_journal...[0m
Running Gradle task 'bundleRelease'...                          
Font asset "MaterialIcons-Regular.otf" was tree-shaken, reducing it from 1645184 to 1368 bytes (99.9% reduction). Tree-shaking can be disabled by providing the --no-tree-shake-icons flag when building your app.
Running Gradle task 'bundleRelease'...                             50.1s
✓ Built build/app/outputs/bundle/release/app-release.aab (38.2MB)
[0;32m✅ Success: 37M[0m
------------------------------------------------------
[0;34m[28/44] Building: 07_okkyes/mood_ok...[0m
Running Gradle task 'bundleRelease'...                          
Font asset "MaterialIcons-Regular.otf" was tree-shaken, reducing it from 1645184 to 1368 bytes (99.9% reduction). Tree-shaking can be disabled by providing the --no-tree-shake-icons flag when building your app.
Running Gradle task 'bundleRelease'...                             49.8s
✓ Built build/app/outputs/bundle/release/app-release.aab (38.2MB)
[0;32m✅ Success: 37M[0m
------------------------------------------------------
[0;34m[29/44] Building: 08_insightful_apps/habit_insights...[0m
Running Gradle task 'bundleRelease'...                          
Font asset "MaterialIcons-Regular.otf" was tree-shaken, reducing it from 1645184 to 1368 bytes (99.9% reduction). Tree-shaking can be disabled by providing the --no-tree-shake-icons flag when building your app.
